<?xml version="1.0" encoding="UTF-8"?>
<!-- Generated by org.testng.reporters.JUnitReportReporter -->
<testsuite hostname="DESKTOP-655TJ4I" failures="0" tests="1" name="petStore.AddPetTest" time="6.847" errors="0" timestamp="2023-02-01T14:30:00 IST" skipped="0">
  <testcase classname="petStore.AddPetTest" name="addPet" time="6.847"/>
  <system-out/>
</testsuite> <!-- petStore.AddPetTest -->
