<?xml version="1.0" encoding="UTF-8"?>
<!-- Generated by org.testng.reporters.JUnitReportReporter -->
<testsuite hostname="DESKTOP-655TJ4I" failures="0" tests="1" name="request_chaining.RequestChaining" time="3.235" errors="0" timestamp="2023-01-11T12:47:48 IST" skipped="0">
  <testcase classname="request_chaining.RequestChaining" name="getPojectTest" time="3.235"/>
  <system-out/>
</testsuite> <!-- request_chaining.RequestChaining -->
