<?xml version="1.0" encoding="UTF-8"?>
<!-- Generated by org.testng.reporters.JUnitReportReporter -->
<testsuite hostname="DESKTOP-655TJ4I" failures="0" tests="1" name="different_ways_post_request.CreateProjectWithJsonFile" time="2.211" errors="0" timestamp="2023-01-10T10:51:52 IST" skipped="0">
  <testcase classname="different_ways_post_request.CreateProjectWithJsonFile" name="jsonFile" time="2.211"/>
  <system-out/>
</testsuite> <!-- different_ways_post_request.CreateProjectWithJsonFile -->
