<?xml version="1.0" encoding="UTF-8"?>
<!-- Generated by org.testng.reporters.JUnitReportReporter -->
<testsuite hostname="DESKTOP-655TJ4I" failures="0" tests="1" name="different_ways_post_request.Create_Project_With_Pojoclass" time="2.663" errors="0" timestamp="2023-01-10T15:22:29 IST" skipped="0">
  <testcase classname="different_ways_post_request.Create_Project_With_Pojoclass" name="pojoClassTest" time="2.663"/>
  <system-out/>
</testsuite> <!-- different_ways_post_request.Create_Project_With_Pojoclass -->
