<?xml version="1.0" encoding="UTF-8"?>
<!-- Generated by org.testng.reporters.JUnitReportReporter -->
<testsuite hostname="DESKTOP-655TJ4I" failures="0" tests="1" name="serialization_Deserialization.SerializationArray" time="0.210" errors="0" timestamp="2023-01-13T11:03:49 IST" skipped="0">
  <testcase classname="serialization_Deserialization.SerializationArray" name="employeeDetails" time="0.210"/>
  <system-out/>
</testsuite> <!-- serialization_Deserialization.SerializationArray -->
