<?xml version="1.0" encoding="UTF-8"?>
<!-- Generated by org.testng.reporters.JUnitReportReporter -->
<testsuite hostname="DESKTOP-655TJ4I" failures="0" tests="1" name="serialization_Deserialization.Deserialization" time="0.228" errors="0" timestamp="2023-01-12T15:52:53 IST" skipped="0">
  <testcase classname="serialization_Deserialization.Deserialization" name="employeeDetails" time="0.228"/>
  <system-out/>
</testsuite> <!-- serialization_Deserialization.Deserialization -->
