<?xml version="1.0" encoding="UTF-8"?>
<!-- Generated by org.testng.reporters.JUnitReportReporter -->
<testsuite hostname="DESKTOP-655TJ4I" failures="0" tests="1" name="authentication.DigestiveAuth" time="2.340" errors="0" timestamp="2023-01-11T15:28:36 IST" skipped="0">
  <testcase classname="authentication.DigestiveAuth" name="preDigestiveAuthentictionTest" time="2.340"/>
  <system-out/>
</testsuite> <!-- authentication.DigestiveAuth -->
