<?xml version="1.0" encoding="UTF-8"?>
<!-- Generated by org.testng.reporters.JUnitReportReporter -->
<testsuite hostname="DESKTOP-655TJ4I" failures="0" tests="1" name="petStore.AddPet" time="5.793" errors="0" timestamp="2023-02-01T14:37:23 IST" skipped="0">
  <testcase classname="petStore.AddPet" name="addPet" time="5.793"/>
  <system-out/>
</testsuite> <!-- petStore.AddPet -->
