<?xml version="1.0" encoding="UTF-8"?>
<!-- Generated by org.testng.reporters.JUnitReportReporter -->
<testsuite hostname="DESKTOP-655TJ4I" failures="0" tests="1" name="authentication.Bearer_Token" time="20.634" errors="0" timestamp="2023-01-11T15:48:05 IST" skipped="0">
  <testcase classname="authentication.Bearer_Token" name="bearerToken" time="20.634"/>
  <system-out/>
</testsuite> <!-- authentication.Bearer_Token -->
