<?xml version="1.0" encoding="UTF-8"?>
<!-- Generated by org.testng.reporters.JUnitReportReporter -->
<testsuite hostname="DESKTOP-655TJ4I" failures="0" tests="3" name="data_Driven_Testing.DataDrivenTest" time="3.344" errors="0" timestamp="2023-01-12T11:20:24 IST" skipped="0">
  <testcase classname="data_Driven_Testing.DataDrivenTest" name="createProjectWithDiffData" time="0.101"/>
  <system-out/>
  <testcase classname="data_Driven_Testing.DataDrivenTest" name="createProjectWithDiffData" time="0.109"/>
  <system-out/>
  <testcase classname="data_Driven_Testing.DataDrivenTest" name="createProjectWithDiffData" time="3.134"/>
  <system-out/>
</testsuite> <!-- data_Driven_Testing.DataDrivenTest -->
