<?xml version="1.0" encoding="UTF-8"?>
<!-- Generated by org.testng.reporters.JUnitReportReporter -->
<testsuite hostname="DESKTOP-655TJ4I" failures="0" tests="1" name="validation.StaticValidation" time="5.628" errors="0" timestamp="2023-01-10T16:03:57 IST" skipped="0">
  <testcase classname="validation.StaticValidation" name="staticVal" time="5.628"/>
  <system-out/>
</testsuite> <!-- validation.StaticValidation -->
