<?xml version="1.0" encoding="UTF-8"?>
<!-- Generated by org.testng.reporters.JUnitReportReporter -->
<testsuite hostname="DESKTOP-655TJ4I" failures="0" tests="1" name="crud_Without_BDD.Read_All_Project" time="34.875" errors="0" timestamp="2023-01-13T15:29:55 IST" skipped="0">
  <testcase classname="crud_Without_BDD.Read_All_Project" name="readallproject" time="34.875"/>
  <system-out/>
</testsuite> <!-- crud_Without_BDD.Read_All_Project -->
