<?xml version="1.0" encoding="UTF-8"?>
<!-- Generated by org.testng.reporters.JUnitReportReporter -->
<testsuite hostname="DESKTOP-655TJ4I" failures="0" tests="1" name="authentication.Oauth2_Authentication" time="4.093" errors="0" timestamp="2023-01-12T10:57:27 IST" skipped="0">
  <testcase classname="authentication.Oauth2_Authentication" name="oAuth" time="4.093"/>
  <system-out/>
</testsuite> <!-- authentication.Oauth2_Authentication -->
