<?xml version="1.0" encoding="UTF-8"?>
<!-- Generated by org.testng.reporters.JUnitReportReporter -->
<testsuite hostname="DESKTOP-655TJ4I" failures="0" tests="1" name="authentication.PreEmptiveAuth" time="2.285" errors="0" timestamp="2023-01-11T15:26:25 IST" skipped="0">
  <testcase classname="authentication.PreEmptiveAuth" name="preEmptiveAuthentictionTest" time="2.285"/>
  <system-out/>
</testsuite> <!-- authentication.PreEmptiveAuth -->
