<?xml version="1.0" encoding="UTF-8"?>
<!-- Generated by org.testng.reporters.JUnitReportReporter -->
<testsuite hostname="DESKTOP-655TJ4I" failures="0" tests="1" name="crud_With_BDD.GetProjects" time="3.237" errors="0" timestamp="2023-01-10T15:56:55 IST" skipped="0">
  <testcase classname="crud_With_BDD.GetProjects" name="getallTest" time="3.237"/>
  <system-out/>
</testsuite> <!-- crud_With_BDD.GetProjects -->
