<?xml version="1.0" encoding="UTF-8"?>
<!-- Generated by org.testng.reporters.JUnitReportReporter -->
<testsuite hostname="DESKTOP-655TJ4I" failures="0" tests="1" name="validation.DynmicValidation" time="5.589" errors="0" timestamp="2023-01-11T10:14:12 IST" skipped="0">
  <testcase classname="validation.DynmicValidation" name="dynamicVal" time="5.589"/>
  <system-out>
    <![CDATA[data is verified]]>
  </system-out>
</testsuite> <!-- validation.DynmicValidation -->
