<?xml version="1.0" encoding="UTF-8"?>
<!-- Generated by org.testng.reporters.JUnitReportReporter -->
<testsuite hostname="DESKTOP-655TJ4I" failures="0" tests="1" name="serialization_Deserialization.Serialization_ComplexArrayObject" time="0.295" errors="0" timestamp="2023-01-13T12:22:30 IST" skipped="0">
  <testcase classname="serialization_Deserialization.Serialization_ComplexArrayObject" name="serializeTheArrayObject" time="0.295"/>
  <system-out/>
</testsuite> <!-- serialization_Deserialization.Serialization_ComplexArrayObject -->
