<?xml version="1.0" encoding="UTF-8"?>
<!-- Generated by org.testng.reporters.JUnitReportReporter -->
<testsuite hostname="DESKTOP-655TJ4I" failures="0" tests="1" name="serialization_Deserialization.Deserialization_Array" time="0.307" errors="0" timestamp="2023-01-13T11:00:44 IST" skipped="0">
  <testcase classname="serialization_Deserialization.Deserialization_Array" name="employeeDetails" time="0.307"/>
  <system-out/>
</testsuite> <!-- serialization_Deserialization.Deserialization_Array -->
