<?xml version="1.0" encoding="UTF-8"?>
<!-- Generated by org.testng.reporters.JUnitReportReporter -->
<testsuite hostname="DESKTOP-655TJ4I" failures="0" tests="1" name="parameters.PathParameter" time="2.351" errors="0" timestamp="2023-01-10T17:32:53 IST" skipped="0">
  <testcase classname="parameters.PathParameter" name="Path" time="2.351"/>
  <system-out/>
</testsuite> <!-- parameters.PathParameter -->
