<?xml version="1.0" encoding="UTF-8"?>
<!-- Generated by org.testng.reporters.JUnitReportReporter -->
<testsuite hostname="DESKTOP-655TJ4I" failures="0" tests="1" name="crud_Without_BDD.Read_Specific_Project" time="1.876" errors="0" timestamp="2023-01-13T15:32:57 IST" skipped="0">
  <testcase classname="crud_Without_BDD.Read_Specific_Project" name="readproject" time="1.876"/>
  <system-out/>
</testsuite> <!-- crud_Without_BDD.Read_Specific_Project -->
