<?xml version="1.0" encoding="UTF-8"?>
<!-- Generated by org.testng.reporters.JUnitReportReporter -->
<testsuite hostname="DESKTOP-655TJ4I" failures="0" tests="1" name="serialization_Deserialization.Derialization_ComplexArrayObject" time="0.289" errors="0" timestamp="2023-01-13T12:28:20 IST" skipped="0">
  <testcase classname="serialization_Deserialization.Derialization_ComplexArrayObject" name="serializeTheArrayObject" time="0.289"/>
  <system-out/>
</testsuite> <!-- serialization_Deserialization.Derialization_ComplexArrayObject -->
