<?xml version="1.0" encoding="UTF-8"?>
<!-- Generated by org.testng.reporters.JUnitReportReporter -->
<testsuite hostname="DESKTOP-655TJ4I" failures="0" tests="1" name="different_ways_post_request.CreateProject_With_HashMap" time="2.441" errors="0" timestamp="2023-01-10T11:19:28 IST" skipped="0">
  <testcase classname="different_ways_post_request.CreateProject_With_HashMap" name="hashmap" time="2.441"/>
  <system-out/>
</testsuite> <!-- different_ways_post_request.CreateProject_With_HashMap -->
