<?xml version="1.0" encoding="UTF-8"?>
<!-- Generated by org.testng.reporters.JUnitReportReporter -->
<testsuite hostname="DESKTOP-655TJ4I" failures="0" tests="1" name="crud_With_BDD.DeleteProject" time="2.068" errors="0" timestamp="2023-01-09T15:54:00 IST" skipped="0">
  <testcase classname="crud_With_BDD.DeleteProject" name="deleteProject" time="2.068"/>
  <system-out/>
</testsuite> <!-- crud_With_BDD.DeleteProject -->
