<?xml version="1.0" encoding="UTF-8"?>
<!-- Generated by org.testng.reporters.JUnitReportReporter -->
<testsuite hostname="DESKTOP-655TJ4I" failures="0" tests="1" name="serialization_Deserialization.serialization" time="0.325" errors="0" timestamp="2023-01-12T15:31:59 IST" skipped="0">
  <testcase classname="serialization_Deserialization.serialization" name="employeeDetails" time="0.325"/>
  <system-out/>
</testsuite> <!-- serialization_Deserialization.serialization -->
