<?xml version="1.0" encoding="UTF-8"?>
<!-- Generated by org.testng.reporters.JUnitReportReporter -->
<testsuite hostname="DESKTOP-655TJ4I" failures="0" tests="1" name="crud_Without_BDD.CreatProject" time="2.717" errors="0" timestamp="2023-01-16T10:01:42 IST" skipped="0">
  <testcase classname="crud_Without_BDD.CreatProject" name="createproject" time="2.717"/>
  <system-out/>
</testsuite> <!-- crud_Without_BDD.CreatProject -->
